#
# A fatal error has been detected by the Java Runtime Environment:
#
#  EXCEPTION_ACCESS_VIOLATION (0xc0000005) at pc=0x00007ff870de62d7, pid=11876, tid=8020
#
# JRE version: OpenJDK Runtime Environment Corretto-11.0.15.9.1 (11.0.15+9) (build 11.0.15+9-LTS)
# Java VM: OpenJDK 64-Bit Server VM Corretto-11.0.15.9.1 (11.0.15+9-LTS, mixed mode, tiered, compressed oops, g1 gc, windows-amd64)
# Problematic frame:
# C  [glass.dll+0x262d7]
#
# No core dump will be written. Minidumps are not enabled by default on client versions of Windows
#
# If you would like to submit a bug report, please visit:
#   https://github.com/corretto/corretto-11/issues/
#

---------------  S U M M A R Y ------------

Command Line: -javaagent:C:\Program Files\JetBrains\IntelliJ IDEA Community Edition 2021.2.3\lib\idea_rt.jar=50326:C:\Program Files\JetBrains\IntelliJ IDEA Community Edition 2021.2.3\bin -Dfile.encoding=UTF-8 --module-path=C:\Users\Aslam\.m2\repository\org\openjfx\javafx-graphics\11.0.2\javafx-graphics-11.0.2-win.jar;C:\Users\Aslam\IdeaProjects\AirlineReservationSystem\target\classes;C:\Users\Aslam\.m2\repository\org\openjfx\javafx-controls\11.0.2\javafx-controls-11.0.2-win.jar;C:\Users\Aslam\.m2\repository\org\openjfx\javafx-base\11.0.2\javafx-base-11.0.2-win.jar;D:\Polytechnic\6TH SEM\Project Work\mysql-connector-java-8.0.28.jar;C:\Users\Aslam\.m2\repository\org\openjfx\javafx-fxml\11.0.2\javafx-fxml-11.0.2-win.jar -Djdk.module.main=com.airlinereservationsystem com.airlinereservationsystem/com.airlinereservationsystem.Main

Host: Intel(R) Core(TM) i3-6006U CPU @ 2.00GHz, 4 cores, 3G,  Windows 10 , 64 bit Build 19041 (10.0.19041.1645)
Time: Wed May 25 13:22:18 2022 India Standard Time elapsed time: 53.566777 seconds (0d 0h 0m 53s)

---------------  T H R E A D  ---------------

Current thread (0x00000206e16ef800):  VMThread "VM Thread" [stack: 0x00000089b3300000,0x00000089b3400000] [id=8020]

Stack: [0x00000089b3300000,0x00000089b3400000],  sp=0x00000089b33ff210,  free space=1020k
Native frames: (J=compiled Java code, j=interpreted, Vv=VM code, C=native code)
C  [glass.dll+0x262d7]


siginfo: EXCEPTION_ACCESS_VIOLATION (0xc0000005), reading address 0x0000000000000000


Register to memory mapping:

RIP=0x00007ff870de62d7 glass.dll
RAX=0x0 is NULL
RBX=0x00000206e1721850 is a global jni handle
RCX=0x00000206e16ef800 points into unknown readable memory: 0x00007ff85a97c4c8 | c8 c4 97 5a f8 7f 00 00
RDX=0x00000089b33ff210 points into unknown readable memory: 0x0000000000000000 | 00 00 00 00 00 00 00 00
RSP=0x00000089b33ff210 points into unknown readable memory: 0x0000000000000000 | 00 00 00 00 00 00 00 00
RBP=0x00000206e2977a58 points into unknown readable memory: 0x000049ec1531739b | 9b 73 31 15 ec 49 00 00
RSI=0x00000206e2977a30 points into unknown readable memory: 0xc386b85af5317064 | 64 70 31 f5 5a b8 86 c3
RDI=0x000049ec1531739b is an unknown value
R8 =0x0000000000010002 is an unknown value
R9 =0x000049ec1531739b is an unknown value
R10=0x0000000000008000 is an unknown value
R11=0x00000089b33ff1a0 points into unknown readable memory: 0x00000206e2977a30 | 30 7a 97 e2 06 02 00 00
R12=0x00007ff870de3bc4 glass.dll
R13=0x00000089b43f6060 is pointing into the stack for thread: 0x00000206e20d6800
R14=0x00000089b33ff308 points into unknown readable memory: 0x00000089b33ff2f0 | f0 f2 3f b3 89 00 00 00
R15=0x00000206e2977a30 points into unknown readable memory: 0xc386b85af5317064 | 64 70 31 f5 5a b8 86 c3


Registers:
RAX=0x0000000000000000, RBX=0x00000206e1721850, RCX=0x00000206e16ef800, RDX=0x00000089b33ff210
RSP=0x00000089b33ff210, RBP=0x00000206e2977a58, RSI=0x00000206e2977a30, RDI=0x000049ec1531739b
R8 =0x0000000000010002, R9 =0x000049ec1531739b, R10=0x0000000000008000, R11=0x00000089b33ff1a0
R12=0x00007ff870de3bc4, R13=0x00000089b43f6060, R14=0x00000089b33ff308, R15=0x00000206e2977a30
RIP=0x00007ff870de62d7, EFLAGS=0x0000000000010202

Top of Stack: (sp=0x00000089b33ff210)
0x00000089b33ff210:   0000000000000000 00000206e2977a30
0x00000089b33ff220:   00000089b43f6060 00007ff870de3bc4
0x00000089b33ff230:   00000206e2977a38 00007ff89fc842d6
0x00000089b33ff240:   000049ec1531739b 0000020600000000
0x00000089b33ff250:   00000206e2977a58 00000206e2977a30
0x00000089b33ff260:   fffffffffffffffe 0000000000000000
0x00000089b33ff270:   0000000000000001 00007ff870dc0000
0x00000089b33ff280:   00000089b33ff2f8 00007ff89fc841fb
0x00000089b33ff290:   0000000000000000 00000089b33ff308
0x00000089b33ff2a0:   00000089b33ff5d0 00007ff89fd60e40
0x00000089b33ff2b0:   0000000000000001 00007ff89fc841b4
0x00000089b33ff2c0:   0000000000000000 0000000000000001
0x00000089b33ff2d0:   0000000000000000 00000089b33ff2f8
0x00000089b33ff2e0:   0000000000000001 00007ff870de3a51
0x00000089b33ff2f0:   00007ff870df9f88 00007ff800000002
0x00000089b33ff300:   0000000000000002 00000089b33ff2f0 

Instructions: (pc=0x00007ff870de62d7)
0x00007ff870de61d7:   8b 4d 58 e8 2d cf ff ff 48 8b 4d 60 e8 24 cf ff
0x00007ff870de61e7:   ff 48 8b 95 80 00 00 00 48 8b 8d 18 01 00 00 e8
0x00007ff870de61f7:   16 c4 ff ff 33 d2 33 c9 e8 5c e1 ff ff 90 48 89
0x00007ff870de6207:   54 24 10 55 48 83 ec 20 48 8b ea 48 b8 00 00 00
0x00007ff870de6217:   00 00 00 00 00 48 83 c4 20 5d c3 cc 40 55 48 8b
0x00007ff870de6227:   ea 48 8b 01 33 c9 81 38 05 00 00 c0 0f 94 c1 8b
0x00007ff870de6237:   c1 5d c3 cc 40 55 48 83 ec 20 48 8b ea 8a 4d 40
0x00007ff870de6247:   48 83 c4 20 5d e9 17 d3 ff ff cc 40 55 48 83 ec
0x00007ff870de6257:   20 48 8b ea 8a 4d 20 e8 05 d3 ff ff 90 48 83 c4
0x00007ff870de6267:   20 5d c3 cc 40 55 48 83 ec 20 48 8b ea 48 83 c4
0x00007ff870de6277:   20 5d e9 66 d1 ff ff cc 40 55 48 83 ec 30 48 8b
0x00007ff870de6287:   ea 48 8b 01 8b 10 48 89 4c 24 28 89 54 24 20 4c
0x00007ff870de6297:   8d 0d 07 d6 ff ff 4c 8b 45 70 8b 55 68 48 8b 4d
0x00007ff870de62a7:   60 e8 a7 d0 ff ff 90 48 83 c4 30 5d c3 cc cc cc
0x00007ff870de62b7:   cc cc cc cc cc cc cc cc cc 40 53 48 83 ec 20 48
0x00007ff870de62c7:   8b 1d bb 36 01 00 48 85 db 74 16 e8 59 8b ff ff
0x00007ff870de62d7:   4c 8b 00 48 8b d3 48 8b c8 41 ff 90 b0 00 00 00
0x00007ff870de62e7:   90 48 83 c4 20 5b c3 cc cc 40 53 48 83 ec 20 48
0x00007ff870de62f7:   8b 1d 2b 38 01 00 48 85 db 74 57 b8 ff ff ff ff
0x00007ff870de6307:   f0 0f c1 43 10 83 f8 01 75 3d 48 85 db 74 38 48
0x00007ff870de6317:   8b 0b 48 85 c9 74 0d ff 15 84 0f 00 00 48 c7 03
0x00007ff870de6327:   00 00 00 00 48 8b 4b 08 48 85 c9 74 0d e8 d3 cd
0x00007ff870de6337:   ff ff 48 c7 43 08 00 00 00 00 ba 18 00 00 00 48
0x00007ff870de6347:   8b cb e8 be cd ff ff 48 c7 05 cf 37 01 00 00 00
0x00007ff870de6357:   00 00 48 83 c4 20 5b c3 cc 40 53 48 83 ec 20 48
0x00007ff870de6367:   8b 1d 9b 37 01 00 48 85 db 74 57 b8 ff ff ff ff
0x00007ff870de6377:   f0 0f c1 43 10 83 f8 01 75 3d 48 85 db 74 38 48
0x00007ff870de6387:   8b 0b 48 85 c9 74 0d ff 15 14 0f 00 00 48 c7 03
0x00007ff870de6397:   00 00 00 00 48 8b 4b 08 48 85 c9 74 0d e8 63 cd
0x00007ff870de63a7:   ff ff 48 c7 43 08 00 00 00 00 ba 18 00 00 00 48
0x00007ff870de63b7:   8b cb e8 4e cd ff ff 48 c7 05 3f 37 01 00 00 00
0x00007ff870de63c7:   00 00 48 83 c4 20 5b c3 cc 40 53 48 83 ec 20 48 


Stack slot to memory mapping:
stack at sp + 0 slots: 0x0 is NULL
stack at sp + 1 slots: 0x00000206e2977a30 points into unknown readable memory: 0xc386b85af5317064 | 64 70 31 f5 5a b8 86 c3
stack at sp + 2 slots: 0x00000089b43f6060 is pointing into the stack for thread: 0x00000206e20d6800
stack at sp + 3 slots: 0x00007ff870de3bc4 glass.dll
stack at sp + 4 slots: 0x00000206e2977a38 points into unknown readable memory: 0x000049ec1531739b | 9b 73 31 15 ec 49 00 00
stack at sp + 5 slots: 0x00007ff89fc842d6 ucrtbase.dll
stack at sp + 6 slots: 0x000049ec1531739b is an unknown value
stack at sp + 7 slots: 0x0000020600000000 is an unknown value

VM_Operation (0x00000089b43f6060): Exit, mode: safepoint, requested by thread 0x00000206e20d6800


---------------  P R O C E S S  ---------------

Threads class SMR info:
_java_thread_list=0x00000206e94c65d0, length=20, elements={
0x00000206c466a800, 0x00000206e16f3000, 0x00000206e1734800, 0x00000206e1723800,
0x00000206e1724800, 0x00000206e1727000, 0x00000206e177a800, 0x00000206e18e0800,
0x00000206e18fd000, 0x00000206e1a17000, 0x00000206e1faa800, 0x00000206e294c800,
0x00000206e20ca800, 0x00000206e20d6800, 0x00000206e2479800, 0x00000206e28c5800,
0x00000206e29ce800, 0x00000206e2ce9000, 0x00000206e24dc000, 0x00000206e2f2d800
}

Java Threads: ( => current thread )
  0x00000206c466a800 JavaThread "main" [_thread_blocked, id=11656, stack(0x00000089b2d00000,0x00000089b2e00000)]
  0x00000206e16f3000 JavaThread "Reference Handler" daemon [_thread_blocked, id=14856, stack(0x00000089b3400000,0x00000089b3500000)]
  0x00000206e1734800 JavaThread "Finalizer" daemon [_thread_blocked, id=14352, stack(0x00000089b3500000,0x00000089b3600000)]
  0x00000206e1723800 JavaThread "Signal Dispatcher" daemon [_thread_blocked, id=7836, stack(0x00000089b3600000,0x00000089b3700000)]
  0x00000206e1724800 JavaThread "Attach Listener" daemon [_thread_blocked, id=16300, stack(0x00000089b3700000,0x00000089b3800000)]
  0x00000206e1727000 JavaThread "Service Thread" daemon [_thread_blocked, id=10932, stack(0x00000089b3800000,0x00000089b3900000)]
  0x00000206e177a800 JavaThread "C2 CompilerThread0" daemon [_thread_blocked, id=10392, stack(0x00000089b3900000,0x00000089b3a00000)]
  0x00000206e18e0800 JavaThread "C1 CompilerThread0" daemon [_thread_blocked, id=16336, stack(0x00000089b3a00000,0x00000089b3b00000)]
  0x00000206e18fd000 JavaThread "Sweeper thread" daemon [_thread_blocked, id=5932, stack(0x00000089b3b00000,0x00000089b3c00000)]
  0x00000206e1a17000 JavaThread "Common-Cleaner" daemon [_thread_blocked, id=10836, stack(0x00000089b3c00000,0x00000089b3d00000)]
  0x00000206e1faa800 JavaThread "Monitor Ctrl-Break" daemon [_thread_in_native, id=11640, stack(0x00000089b3e00000,0x00000089b3f00000)]
  0x00000206e294c800 JavaThread "QuantumRenderer-0" daemon [_thread_blocked, id=2724, stack(0x00000089b4100000,0x00000089b4200000)]
  0x00000206e20ca800 JavaThread "InvokeLaterDispatcher" daemon [_thread_blocked, id=11352, stack(0x00000089b4200000,0x00000089b4300000)]
  0x00000206e20d6800 JavaThread "JavaFX Application Thread" [_thread_blocked, id=8324, stack(0x00000089b4300000,0x00000089b4400000)]
  0x00000206e2479800 JavaThread "Thread-1" daemon [_thread_in_native, id=9624, stack(0x00000089b4700000,0x00000089b4800000)]
  0x00000206e28c5800 JavaThread "JavaFX-Launcher" [_thread_blocked, id=7764, stack(0x00000089b4800000,0x00000089b4900000)]
  0x00000206e29ce800 JavaThread "mysql-cj-abandoned-connection-cleanup" daemon [_thread_blocked, id=7292, stack(0x00000089b4900000,0x00000089b4a00000)]
  0x00000206e2ce9000 JavaThread "Prism Font Disposer" daemon [_thread_blocked, id=6336, stack(0x00000089b5000000,0x00000089b5100000)]
  0x00000206e24dc000 JavaThread "Cleaner-0" daemon [_thread_blocked, id=14808, stack(0x00000089b5100000,0x00000089b5200000)]
  0x00000206e2f2d800 JavaThread "Glass/Prism Shutdown Hook" [_thread_blocked, id=12304, stack(0x00000089b5200000,0x00000089b5300000)]

Other Threads:
=>0x00000206e16ef800 VMThread "VM Thread" [stack: 0x00000089b3300000,0x00000089b3400000] [id=8020]
  0x00000206c4682000 GCTaskThread "GC Thread#0" [stack: 0x00000089b2e00000,0x00000089b2f00000] [id=1808]
  0x00000206e22fe000 GCTaskThread "GC Thread#1" [stack: 0x00000089b4000000,0x00000089b4100000] [id=1392]
  0x00000206e2d46000 GCTaskThread "GC Thread#2" [stack: 0x00000089b4a00000,0x00000089b4b00000] [id=4412]
  0x00000206e2de6800 GCTaskThread "GC Thread#3" [stack: 0x00000089b4b00000,0x00000089b4c00000] [id=7704]
  0x00000206c469e000 ConcurrentGCThread "G1 Main Marker" [stack: 0x00000089b2f00000,0x00000089b3000000] [id=5156]
  0x00000206c46a1000 ConcurrentGCThread "G1 Conc#0" [stack: 0x00000089b3000000,0x00000089b3100000] [id=1624]
  0x00000206c46f8800 ConcurrentGCThread "G1 Refine#0" [stack: 0x00000089b3100000,0x00000089b3200000] [id=14744]
  0x00000206e2232000 ConcurrentGCThread "G1 Refine#1" [stack: 0x00000089b4c00000,0x00000089b4d00000] [id=912]
  0x00000206c46f9800 ConcurrentGCThread "G1 Young RemSet Sampling" [stack: 0x00000089b3200000,0x00000089b3300000] [id=4756]

Threads with active compile tasks:

VM state:at safepoint (shutting down)

VM Mutex/Monitor currently owned by a thread:  ([mutex/lock_event])
[0x00000206c46671e0] Threads_lock - owner thread: 0x00000206e16ef800

Heap address: 0x00000000c1e00000, size: 994 MB, Compressed Oops mode: 32-bit
Narrow klass base: 0x0000000000000000, Narrow klass shift: 3
Compressed class space size: 1073741824 Address: 0x0000000100000000

Heap:
 garbage-first heap   total 94208K, used 21626K [0x00000000c1e00000, 0x0000000100000000)
  region size 1024K, 5 young (5120K), 2 survivors (2048K)
 Metaspace       used 37155K, capacity 38619K, committed 38960K, reserved 1083392K
  class space    used 4514K, capacity 5121K, committed 5248K, reserved 1048576K
Heap Regions: E=young(eden), S=young(survivor), O=old, HS=humongous(starts), HC=humongous(continues), CS=collection set, F=free, A=archive, TAMS=top-at-mark-start (previous, next)
|   0|0x00000000c1e00000, 0x00000000c1f00000, 0x00000000c1f00000|100%| O|  |TAMS 0x00000000c1f00000, 0x00000000c1e00000| Untracked 
|   1|0x00000000c1f00000, 0x00000000c2000000, 0x00000000c2000000|100%| O|  |TAMS 0x00000000c2000000, 0x00000000c1f00000| Untracked 
|   2|0x00000000c2000000, 0x00000000c2100000, 0x00000000c2100000|100%| O|  |TAMS 0x00000000c2100000, 0x00000000c2000000| Untracked 
|   3|0x00000000c2100000, 0x00000000c2200000, 0x00000000c2200000|100%| O|  |TAMS 0x00000000c2200000, 0x00000000c2100000| Untracked 
|   4|0x00000000c2200000, 0x00000000c2300000, 0x00000000c2300000|100%| O|  |TAMS 0x00000000c2300000, 0x00000000c2200000| Untracked 
|   5|0x00000000c2300000, 0x00000000c2400000, 0x00000000c2400000|100%| O|  |TAMS 0x00000000c2400000, 0x00000000c2300000| Untracked 
|   6|0x00000000c2400000, 0x00000000c2500000, 0x00000000c2500000|100%| O|  |TAMS 0x00000000c2500000, 0x00000000c2400000| Untracked 
|   7|0x00000000c2500000, 0x00000000c2600000, 0x00000000c2600000|100%| O|  |TAMS 0x00000000c2600000, 0x00000000c2500000| Untracked 
|   8|0x00000000c2600000, 0x00000000c2700000, 0x00000000c2700000|100%| O|  |TAMS 0x00000000c2700000, 0x00000000c2600000| Untracked 
|   9|0x00000000c2700000, 0x00000000c2800000, 0x00000000c2800000|100%| O|  |TAMS 0x00000000c2800000, 0x00000000c2700000| Untracked 
|  10|0x00000000c2800000, 0x00000000c2900000, 0x00000000c2900000|100%| O|  |TAMS 0x00000000c2900000, 0x00000000c2800000| Untracked 
|  11|0x00000000c2900000, 0x00000000c2a00000, 0x00000000c2a00000|100%| O|  |TAMS 0x00000000c2a00000, 0x00000000c2900000| Untracked 
|  12|0x00000000c2a00000, 0x00000000c2b00000, 0x00000000c2b00000|100%| O|  |TAMS 0x00000000c2b00000, 0x00000000c2a00000| Untracked 
|  13|0x00000000c2b00000, 0x00000000c2c00000, 0x00000000c2c00000|100%| O|  |TAMS 0x00000000c2bb6a00, 0x00000000c2b00000| Untracked 
|  14|0x00000000c2c00000, 0x00000000c2d00000, 0x00000000c2d00000|100%|HS|  |TAMS 0x00000000c2c00000, 0x00000000c2c00000| Complete 
|  15|0x00000000c2d00000, 0x00000000c2e00000, 0x00000000c2e00000|100%|HC|  |TAMS 0x00000000c2d00000, 0x00000000c2d00000| Complete 
|  16|0x00000000c2e00000, 0x00000000c2f00000, 0x00000000c2f00000|100%| O|  |TAMS 0x00000000c2e00000, 0x00000000c2e00000| Untracked 
|  17|0x00000000c2f00000, 0x00000000c2f9f000, 0x00000000c3000000| 62%| O|  |TAMS 0x00000000c2f00000, 0x00000000c2f00000| Untracked 
|  18|0x00000000c3000000, 0x00000000c3000000, 0x00000000c3100000|  0%| F|  |TAMS 0x00000000c3000000, 0x00000000c3000000| Untracked 
|  19|0x00000000c3100000, 0x00000000c3100000, 0x00000000c3200000|  0%| F|  |TAMS 0x00000000c3100000, 0x00000000c3100000| Untracked 
|  20|0x00000000c3200000, 0x00000000c3200000, 0x00000000c3300000|  0%| F|  |TAMS 0x00000000c3200000, 0x00000000c3200000| Untracked 
|  21|0x00000000c3300000, 0x00000000c3300000, 0x00000000c3400000|  0%| F|  |TAMS 0x00000000c3300000, 0x00000000c3300000| Untracked 
|  22|0x00000000c3400000, 0x00000000c3400000, 0x00000000c3500000|  0%| F|  |TAMS 0x00000000c3400000, 0x00000000c3400000| Untracked 
|  23|0x00000000c3500000, 0x00000000c3500000, 0x00000000c3600000|  0%| F|  |TAMS 0x00000000c3500000, 0x00000000c3500000| Untracked 
|  24|0x00000000c3600000, 0x00000000c3600000, 0x00000000c3700000|  0%| F|  |TAMS 0x00000000c3600000, 0x00000000c3600000| Untracked 
|  25|0x00000000c3700000, 0x00000000c3700000, 0x00000000c3800000|  0%| F|  |TAMS 0x00000000c3700000, 0x00000000c3700000| Untracked 
|  26|0x00000000c3800000, 0x00000000c3800000, 0x00000000c3900000|  0%| F|  |TAMS 0x00000000c3800000, 0x00000000c3800000| Untracked 
|  27|0x00000000c3900000, 0x00000000c3900000, 0x00000000c3a00000|  0%| F|  |TAMS 0x00000000c3900000, 0x00000000c3900000| Untracked 
|  28|0x00000000c3a00000, 0x00000000c3a00000, 0x00000000c3b00000|  0%| F|  |TAMS 0x00000000c3a00000, 0x00000000c3a00000| Untracked 
|  29|0x00000000c3b00000, 0x00000000c3b00000, 0x00000000c3c00000|  0%| F|  |TAMS 0x00000000c3b00000, 0x00000000c3b00000| Untracked 
|  30|0x00000000c3c00000, 0x00000000c3c00000, 0x00000000c3d00000|  0%| F|  |TAMS 0x00000000c3c00000, 0x00000000c3c00000| Untracked 
|  31|0x00000000c3d00000, 0x00000000c3d00000, 0x00000000c3e00000|  0%| F|  |TAMS 0x00000000c3d00000, 0x00000000c3d00000| Untracked 
|  32|0x00000000c3e00000, 0x00000000c3e00000, 0x00000000c3f00000|  0%| F|  |TAMS 0x00000000c3e00000, 0x00000000c3e00000| Untracked 
|  33|0x00000000c3f00000, 0x00000000c3f00000, 0x00000000c4000000|  0%| F|  |TAMS 0x00000000c3f00000, 0x00000000c3f00000| Untracked 
|  34|0x00000000c4000000, 0x00000000c4000000, 0x00000000c4100000|  0%| F|  |TAMS 0x00000000c4000000, 0x00000000c4000000| Untracked 
|  35|0x00000000c4100000, 0x00000000c4100000, 0x00000000c4200000|  0%| F|  |TAMS 0x00000000c4100000, 0x00000000c4100000| Untracked 
|  36|0x00000000c4200000, 0x00000000c4200000, 0x00000000c4300000|  0%| F|  |TAMS 0x00000000c4200000, 0x00000000c4200000| Untracked 
|  37|0x00000000c4300000, 0x00000000c4300000, 0x00000000c4400000|  0%| F|  |TAMS 0x00000000c4300000, 0x00000000c4300000| Untracked 
|  38|0x00000000c4400000, 0x00000000c4400000, 0x00000000c4500000|  0%| F|  |TAMS 0x00000000c4400000, 0x00000000c4400000| Untracked 
|  39|0x00000000c4500000, 0x00000000c4500000, 0x00000000c4600000|  0%| F|  |TAMS 0x00000000c4500000, 0x00000000c4500000| Untracked 
|  40|0x00000000c4600000, 0x00000000c467fa28, 0x00000000c4700000| 49%| S|CS|TAMS 0x00000000c4600000, 0x00000000c4600000| Complete 
|  41|0x00000000c4700000, 0x00000000c4800000, 0x00000000c4800000|100%| S|CS|TAMS 0x00000000c4700000, 0x00000000c4700000| Complete 
|  42|0x00000000c4800000, 0x00000000c4800000, 0x00000000c4900000|  0%| F|  |TAMS 0x00000000c4800000, 0x00000000c4800000| Untracked 
|  43|0x00000000c4900000, 0x00000000c4900000, 0x00000000c4a00000|  0%| F|  |TAMS 0x00000000c4900000, 0x00000000c4900000| Untracked 
|  44|0x00000000c4a00000, 0x00000000c4a00000, 0x00000000c4b00000|  0%| F|  |TAMS 0x00000000c4a00000, 0x00000000c4a00000| Untracked 
|  45|0x00000000c4b00000, 0x00000000c4b00000, 0x00000000c4c00000|  0%| F|  |TAMS 0x00000000c4b00000, 0x00000000c4b00000| Untracked 
|  46|0x00000000c4c00000, 0x00000000c4c00000, 0x00000000c4d00000|  0%| F|  |TAMS 0x00000000c4c00000, 0x00000000c4c00000| Untracked 
|  47|0x00000000c4d00000, 0x00000000c4d00000, 0x00000000c4e00000|  0%| F|  |TAMS 0x00000000c4d00000, 0x00000000c4d00000| Untracked 
|  48|0x00000000c4e00000, 0x00000000c4e00000, 0x00000000c4f00000|  0%| F|  |TAMS 0x00000000c4e00000, 0x00000000c4e00000| Untracked 
|  49|0x00000000c4f00000, 0x00000000c4f00000, 0x00000000c5000000|  0%| F|  |TAMS 0x00000000c4f00000, 0x00000000c4f00000| Untracked 
|  50|0x00000000c5000000, 0x00000000c5000000, 0x00000000c5100000|  0%| F|  |TAMS 0x00000000c5000000, 0x00000000c5000000| Untracked 
|  51|0x00000000c5100000, 0x00000000c5100000, 0x00000000c5200000|  0%| F|  |TAMS 0x00000000c5100000, 0x00000000c5100000| Untracked 
|  52|0x00000000c5200000, 0x00000000c5200000, 0x00000000c5300000|  0%| F|  |TAMS 0x00000000c5200000, 0x00000000c5200000| Untracked 
|  53|0x00000000c5300000, 0x00000000c5300000, 0x00000000c5400000|  0%| F|  |TAMS 0x00000000c5300000, 0x00000000c5300000| Untracked 
|  54|0x00000000c5400000, 0x00000000c5400000, 0x00000000c5500000|  0%| F|  |TAMS 0x00000000c5400000, 0x00000000c5400000| Untracked 
|  55|0x00000000c5500000, 0x00000000c5500000, 0x00000000c5600000|  0%| F|  |TAMS 0x00000000c5500000, 0x00000000c5500000| Untracked 
|  56|0x00000000c5600000, 0x00000000c5600000, 0x00000000c5700000|  0%| F|  |TAMS 0x00000000c5600000, 0x00000000c5600000| Untracked 
|  57|0x00000000c5700000, 0x00000000c5700000, 0x00000000c5800000|  0%| F|  |TAMS 0x00000000c5700000, 0x00000000c5700000| Untracked 
|  58|0x00000000c5800000, 0x00000000c5800000, 0x00000000c5900000|  0%| F|  |TAMS 0x00000000c5800000, 0x00000000c5800000| Untracked 
|  59|0x00000000c5900000, 0x00000000c5900000, 0x00000000c5a00000|  0%| F|  |TAMS 0x00000000c5900000, 0x00000000c5900000| Untracked 
|  60|0x00000000c5a00000, 0x00000000c5a00000, 0x00000000c5b00000|  0%| F|  |TAMS 0x00000000c5a00000, 0x00000000c5a00000| Untracked 
|  61|0x00000000c5b00000, 0x00000000c5b00000, 0x00000000c5c00000|  0%| F|  |TAMS 0x00000000c5b00000, 0x00000000c5b00000| Untracked 
|  62|0x00000000c5c00000, 0x00000000c5c00000, 0x00000000c5d00000|  0%| F|  |TAMS 0x00000000c5c00000, 0x00000000c5c00000| Untracked 
|  63|0x00000000c5d00000, 0x00000000c5d00000, 0x00000000c5e00000|  0%| F|  |TAMS 0x00000000c5d00000, 0x00000000c5d00000| Untracked 
|  64|0x00000000c5e00000, 0x00000000c5e00000, 0x00000000c5f00000|  0%| F|  |TAMS 0x00000000c5e00000, 0x00000000c5e00000| Untracked 
|  65|0x00000000c5f00000, 0x00000000c5f00000, 0x00000000c6000000|  0%| F|  |TAMS 0x00000000c5f00000, 0x00000000c5f00000| Untracked 
|  66|0x00000000c6000000, 0x00000000c6000000, 0x00000000c6100000|  0%| F|  |TAMS 0x00000000c6000000, 0x00000000c6000000| Untracked 
|  67|0x00000000c6100000, 0x00000000c6100000, 0x00000000c6200000|  0%| F|  |TAMS 0x00000000c6100000, 0x00000000c6100000| Untracked 
|  68|0x00000000c6200000, 0x00000000c6200000, 0x00000000c6300000|  0%| F|  |TAMS 0x00000000c6200000, 0x00000000c6200000| Untracked 
|  69|0x00000000c6300000, 0x00000000c6300000, 0x00000000c6400000|  0%| F|  |TAMS 0x00000000c6300000, 0x00000000c6300000| Untracked 
|  70|0x00000000c6400000, 0x00000000c6400000, 0x00000000c6500000|  0%| F|  |TAMS 0x00000000c6400000, 0x00000000c6400000| Untracked 
|  71|0x00000000c6500000, 0x00000000c6500000, 0x00000000c6600000|  0%| F|  |TAMS 0x00000000c6500000, 0x00000000c6500000| Untracked 
|  72|0x00000000c6600000, 0x00000000c6600000, 0x00000000c6700000|  0%| F|  |TAMS 0x00000000c6600000, 0x00000000c6600000| Untracked 
|  73|0x00000000c6700000, 0x00000000c6700000, 0x00000000c6800000|  0%| F|  |TAMS 0x00000000c6700000, 0x00000000c6700000| Untracked 
|  74|0x00000000c6800000, 0x00000000c6800000, 0x00000000c6900000|  0%| F|  |TAMS 0x00000000c6800000, 0x00000000c6800000| Untracked 
|  75|0x00000000c6900000, 0x00000000c6900000, 0x00000000c6a00000|  0%| F|  |TAMS 0x00000000c6900000, 0x00000000c6900000| Untracked 
|  76|0x00000000c6a00000, 0x00000000c6a00000, 0x00000000c6b00000|  0%| F|  |TAMS 0x00000000c6a00000, 0x00000000c6a00000| Untracked 
|  77|0x00000000c6b00000, 0x00000000c6b00000, 0x00000000c6c00000|  0%| F|  |TAMS 0x00000000c6b00000, 0x00000000c6b00000| Untracked 
|  78|0x00000000c6c00000, 0x00000000c6c00000, 0x00000000c6d00000|  0%| F|  |TAMS 0x00000000c6c00000, 0x00000000c6c00000| Untracked 
|  79|0x00000000c6d00000, 0x00000000c6d00000, 0x00000000c6e00000|  0%| F|  |TAMS 0x00000000c6d00000, 0x00000000c6d00000| Untracked 
|  80|0x00000000c6e00000, 0x00000000c6e00000, 0x00000000c6f00000|  0%| F|  |TAMS 0x00000000c6e00000, 0x00000000c6e00000| Untracked 
|  81|0x00000000c6f00000, 0x00000000c6f00000, 0x00000000c7000000|  0%| F|  |TAMS 0x00000000c6f00000, 0x00000000c6f00000| Untracked 
|  82|0x00000000c7000000, 0x00000000c7000000, 0x00000000c7100000|  0%| F|  |TAMS 0x00000000c7000000, 0x00000000c7000000| Untracked 
|  83|0x00000000c7100000, 0x00000000c7100000, 0x00000000c7200000|  0%| F|  |TAMS 0x00000000c7100000, 0x00000000c7100000| Untracked 
|  84|0x00000000c7200000, 0x00000000c7200000, 0x00000000c7300000|  0%| F|  |TAMS 0x00000000c7200000, 0x00000000c7200000| Untracked 
|  85|0x00000000c7300000, 0x00000000c7300000, 0x00000000c7400000|  0%| F|  |TAMS 0x00000000c7300000, 0x00000000c7300000| Untracked 
|  86|0x00000000c7400000, 0x00000000c7400000, 0x00000000c7500000|  0%| F|  |TAMS 0x00000000c7400000, 0x00000000c7400000| Untracked 
|  87|0x00000000c7500000, 0x00000000c7500000, 0x00000000c7600000|  0%| F|  |TAMS 0x00000000c7500000, 0x00000000c7500000| Untracked 
|  88|0x00000000c7600000, 0x00000000c7600000, 0x00000000c7700000|  0%| F|  |TAMS 0x00000000c7600000, 0x00000000c7600000| Untracked 
|  89|0x00000000c7700000, 0x00000000c77af6b0, 0x00000000c7800000| 68%| E|  |TAMS 0x00000000c7700000, 0x00000000c7700000| Complete 
|  90|0x00000000c7800000, 0x00000000c7900000, 0x00000000c7900000|100%| E|CS|TAMS 0x00000000c7800000, 0x00000000c7800000| Complete 
|  91|0x00000000c7900000, 0x00000000c7a00000, 0x00000000c7a00000|100%| E|CS|TAMS 0x00000000c7900000, 0x00000000c7900000| Complete 

Card table byte_map: [0x00000206dc620000,0x00000206dc820000] _byte_map_base: 0x00000206dc011000

Marking Bits (Prev, Next): (CMBitMap*) 0x00000206c4699328, (CMBitMap*) 0x00000206c4699360
 Prev Bits: [0x00000206dca20000, 0x00000206dd9a8000)
 Next Bits: [0x00000206dd9b0000, 0x00000206de938000)

Polling page: 0x00000206c4750000

Metaspace:

Usage:
  Non-class:     32.71 MB capacity,    31.88 MB ( 97%) used,   686.57 KB (  2%) free+waste,   170.25 KB ( <1%) overhead. 
      Class:      5.00 MB capacity,     4.41 MB ( 88%) used,   522.40 KB ( 10%) free+waste,    84.13 KB (  2%) overhead. 
       Both:     37.71 MB capacity,    36.28 MB ( 96%) used,     1.18 MB (  3%) free+waste,   254.38 KB ( <1%) overhead. 

Virtual space:
  Non-class space:       34.00 MB reserved,      32.92 MB ( 97%) committed 
      Class space:        1.00 GB reserved,       5.13 MB ( <1%) committed 
             Both:        1.03 GB reserved,      38.05 MB (  4%) committed 

Chunk freelists:
   Non-Class:  22.00 KB
       Class:  0 bytes
        Both:  22.00 KB

MaxMetaspaceSize: 17179869184.00 GB
CompressedClassSpaceSize: 1.00 GB
Initial GC threshold: 20.80 MB
Current GC threshold: 58.83 MB
CDS: off

CodeHeap 'non-profiled nmethods': size=120064Kb used=3238Kb max_used=3238Kb free=116826Kb
 bounds [0x00000206d48b0000, 0x00000206d4be0000, 0x00000206dbdf0000]
CodeHeap 'profiled nmethods': size=120000Kb used=11438Kb max_used=11438Kb free=108561Kb
 bounds [0x00000206cd380000, 0x00000206cdeb0000, 0x00000206d48b0000]
CodeHeap 'non-nmethods': size=5696Kb used=1505Kb max_used=1582Kb free=4190Kb
 bounds [0x00000206ccdf0000, 0x00000206cd060000, 0x00000206cd380000]
 total_blobs=6399 nmethods=5537 adapters=774
 compilation: enabled
              stopped_count=0, restarted_count=0
 full_count=0

Compilation events (20 events):
Event: 52.387 Thread 0x00000206e18e0800 5560       3       javafx.css.converter.PaintConverter$SequenceConverter::convert (7 bytes)
Event: 52.387 Thread 0x00000206e18e0800 nmethod 5560 0x00000206cdea9990 code [0x00000206cdea9b40, 0x00000206cdea9c68]
Event: 52.563 Thread 0x00000206e18e0800 5562       3       java.util.LinkedList::push (6 bytes)
Event: 52.563 Thread 0x00000206e177a800 5564       4       com.sun.prism.d3d.D3DContext::updateShaderTransform (262 bytes)
Event: 52.563 Thread 0x00000206e18e0800 nmethod 5562 0x00000206cdea9d10 code [0x00000206cdea9ee0, 0x00000206cdeaa068]
Event: 52.563 Thread 0x00000206e18e0800 5563       3       java.util.LinkedList::addFirst (6 bytes)
Event: 52.563 Thread 0x00000206e18e0800 nmethod 5563 0x00000206cdeaa110 code [0x00000206cdeaa2c0, 0x00000206cdeaa3e8]
Event: 52.577 Thread 0x00000206e177a800 nmethod 5564 0x00000206d4bd7410 code [0x00000206d4bd7740, 0x00000206d4bd80a0]
Event: 52.806 Thread 0x00000206e18e0800 5565       1       com.sun.scenario.animation.shared.ClipEnvelope::getCurrentRate (5 bytes)
Event: 52.807 Thread 0x00000206e18e0800 nmethod 5565 0x00000206d4bd8f10 code [0x00000206d4bd90c0, 0x00000206d4bd9178]
Event: 52.807 Thread 0x00000206e18e0800 5566       3       java.lang.AbstractStringBuilder::substring (40 bytes)
Event: 52.807 Thread 0x00000206e18e0800 nmethod 5566 0x00000206cdeaa490 code [0x00000206cdeaa6a0, 0x00000206cdeaaba8]
Event: 52.834 Thread 0x00000206e18e0800 5567       3       java.util.ArrayDeque::remove (5 bytes)
Event: 52.835 Thread 0x00000206e18e0800 nmethod 5567 0x00000206cdeaad90 code [0x00000206cdeaaf60, 0x00000206cdeab1f8]
Event: 52.848 Thread 0x00000206e18e0800 5568       1       java.util.logging.LogManager$LoggerContext::getOwner (5 bytes)
Event: 52.850 Thread 0x00000206e18e0800 nmethod 5568 0x00000206d4bd9210 code [0x00000206d4bd93c0, 0x00000206d4bd9478]
Event: 52.852 Thread 0x00000206e177a800 5569       4       java.nio.ByteBuffer::array (35 bytes)
Event: 52.853 Thread 0x00000206e18e0800 5570       3       java.lang.Throwable::<init> (34 bytes)
Event: 52.853 Thread 0x00000206e18e0800 nmethod 5570 0x00000206cdeab310 code [0x00000206cdeab4e0, 0x00000206cdeab8a8]
Event: 52.853 Thread 0x00000206e177a800 nmethod 5569 0x00000206d4bd9510 code [0x00000206d4bd96a0, 0x00000206d4bd9738]

GC Heap History (14 events):
Event: 1.075 GC heap before
{Heap before GC invocations=0 (full 0):
 garbage-first heap   total 65536K, used 13312K [0x00000000c1e00000, 0x0000000100000000)
  region size 1024K, 14 young (14336K), 0 survivors (0K)
 Metaspace       used 7431K, capacity 7585K, committed 7680K, reserved 1056768K
  class space    used 656K, capacity 714K, committed 768K, reserved 1048576K
}
Event: 1.080 GC heap after
{Heap after GC invocations=1 (full 0):
 garbage-first heap   total 65536K, used 976K [0x00000000c1e00000, 0x0000000100000000)
  region size 1024K, 1 young (1024K), 1 survivors (1024K)
 Metaspace       used 7431K, capacity 7585K, committed 7680K, reserved 1056768K
  class space    used 656K, capacity 714K, committed 768K, reserved 1048576K
}
Event: 3.501 GC heap before
{Heap before GC invocations=1 (full 0):
 garbage-first heap   total 65536K, used 37840K [0x00000000c1e00000, 0x0000000100000000)
  region size 1024K, 38 young (38912K), 1 survivors (1024K)
 Metaspace       used 20375K, capacity 20998K, committed 21120K, reserved 1067008K
  class space    used 2347K, capacity 2618K, committed 2688K, reserved 1048576K
}
Event: 3.630 GC heap after
{Heap after GC invocations=2 (full 0):
 garbage-first heap   total 65536K, used 6914K [0x00000000c1e00000, 0x0000000100000000)
  region size 1024K, 5 young (5120K), 5 survivors (5120K)
 Metaspace       used 20375K, capacity 20998K, committed 21120K, reserved 1067008K
  class space    used 2347K, capacity 2618K, committed 2688K, reserved 1048576K
}
Event: 3.689 GC heap before
{Heap before GC invocations=2 (full 0):
 garbage-first heap   total 65536K, used 6914K [0x00000000c1e00000, 0x0000000100000000)
  region size 1024K, 6 young (6144K), 5 survivors (5120K)
 Metaspace       used 20547K, capacity 21141K, committed 21296K, reserved 1069056K
  class space    used 2361K, capacity 2623K, committed 2688K, reserved 1048576K
}
Event: 3.707 GC heap after
{Heap after GC invocations=3 (full 0):
 garbage-first heap   total 65536K, used 7347K [0x00000000c1e00000, 0x0000000100000000)
  region size 1024K, 1 young (1024K), 1 survivors (1024K)
 Metaspace       used 20547K, capacity 21141K, committed 21296K, reserved 1069056K
  class space    used 2361K, capacity 2623K, committed 2688K, reserved 1048576K
}
Event: 6.010 GC heap before
{Heap before GC invocations=4 (full 0):
 garbage-first heap   total 65536K, used 28851K [0x00000000c1e00000, 0x0000000100000000)
  region size 1024K, 22 young (22528K), 1 survivors (1024K)
 Metaspace       used 29519K, capacity 30336K, committed 30384K, reserved 1075200K
  class space    used 3480K, capacity 3826K, committed 3840K, reserved 1048576K
}
Event: 6.019 GC heap after
{Heap after GC invocations=5 (full 0):
 garbage-first heap   total 65536K, used 10386K [0x00000000c1e00000, 0x0000000100000000)
  region size 1024K, 3 young (3072K), 3 survivors (3072K)
 Metaspace       used 29519K, capacity 30336K, committed 30384K, reserved 1075200K
  class space    used 3480K, capacity 3826K, committed 3840K, reserved 1048576K
}
Event: 7.199 GC heap before
{Heap before GC invocations=5 (full 0):
 garbage-first heap   total 65536K, used 32914K [0x00000000c1e00000, 0x0000000100000000)
  region size 1024K, 25 young (25600K), 3 survivors (3072K)
 Metaspace       used 33882K, capacity 35256K, committed 35504K, reserved 1079296K
  class space    used 4277K, capacity 4857K, committed 4864K, reserved 1048576K
}
Event: 7.216 GC heap after
{Heap after GC invocations=6 (full 0):
 garbage-first heap   total 65536K, used 14146K [0x00000000c1e00000, 0x0000000100000000)
  region size 1024K, 4 young (4096K), 4 survivors (4096K)
 Metaspace       used 33882K, capacity 35256K, committed 35504K, reserved 1079296K
  class space    used 4277K, capacity 4857K, committed 4864K, reserved 1048576K
}
Event: 7.484 GC heap before
{Heap before GC invocations=6 (full 0):
 garbage-first heap   total 65536K, used 18242K [0x00000000c1e00000, 0x0000000100000000)
  region size 1024K, 9 young (9216K), 4 survivors (4096K)
 Metaspace       used 34450K, capacity 35765K, committed 35888K, reserved 1081344K
  class space    used 4317K, capacity 4898K, committed 4992K, reserved 1048576K
}
Event: 7.518 GC heap after
{Heap after GC invocations=7 (full 0):
 garbage-first heap   total 65536K, used 16036K [0x00000000c1e00000, 0x0000000100000000)
  region size 1024K, 2 young (2048K), 2 survivors (2048K)
 Metaspace       used 34450K, capacity 35765K, committed 35888K, reserved 1081344K
  class space    used 4317K, capacity 4898K, committed 4992K, reserved 1048576K
}
Event: 49.638 GC heap before
{Heap before GC invocations=8 (full 0):
 garbage-first heap   total 65536K, used 37540K [0x00000000c1e00000, 0x0000000100000000)
  region size 1024K, 22 young (22528K), 2 survivors (2048K)
 Metaspace       used 36988K, capacity 38424K, committed 38576K, reserved 1083392K
  class space    used 4497K, capacity 5101K, committed 5120K, reserved 1048576K
}
Event: 49.648 GC heap after
{Heap after GC invocations=9 (full 0):
 garbage-first heap   total 94208K, used 19578K [0x00000000c1e00000, 0x0000000100000000)
  region size 1024K, 2 young (2048K), 2 survivors (2048K)
 Metaspace       used 36988K, capacity 38424K, committed 38576K, reserved 1083392K
  class space    used 4497K, capacity 5101K, committed 5120K, reserved 1048576K
}

Deoptimization events (20 events):
Event: 51.033 Thread 0x00000206e20d6800 Uncommon trap: trap_request=0xffffffbe fr.pc=0x00000206d4ada230 relative=0x0000000000001970
Event: 51.033 Thread 0x00000206e20d6800 Uncommon trap: reason=profile_predicate action=maybe_recompile pc=0x00000206d4ada230 method=javafx.scene.CssStyleHelper.transitionToState(Ljavafx/scene/Node;)V @ 282 c2
Event: 51.033 Thread 0x00000206e20d6800 DEOPT PACKING pc=0x00000206d4ada230 sp=0x00000089b43fa080
Event: 51.033 Thread 0x00000206e20d6800 DEOPT UNPACKING pc=0x00000206cce3a1af sp=0x00000089b43fa008 mode 2
Event: 51.081 Thread 0x00000206e294c800 Uncommon trap: trap_request=0xffffff4d fr.pc=0x00000206d4b379b8 relative=0x00000000000002d8
Event: 51.081 Thread 0x00000206e294c800 Uncommon trap: reason=unstable_if action=reinterpret pc=0x00000206d4b379b8 method=com.sun.javafx.sg.prism.NGText.renderText(Lcom/sun/prism/Graphics;Lcom/sun/javafx/font/FontStrike;Lcom/sun/javafx/geom/BaseBounds;Lcom/sun/prism/paint/Color;I)V @ 147 c2
Event: 51.081 Thread 0x00000206e294c800 DEOPT PACKING pc=0x00000206d4b379b8 sp=0x00000089b41fdfc0
Event: 51.081 Thread 0x00000206e294c800 DEOPT UNPACKING pc=0x00000206cce3a1af sp=0x00000089b41fdf10 mode 2
Event: 51.111 Thread 0x00000206e294c800 Uncommon trap: trap_request=0xffffff4d fr.pc=0x00000206d4b2a290 relative=0x0000000000000670
Event: 51.111 Thread 0x00000206e294c800 Uncommon trap: reason=unstable_if action=reinterpret pc=0x00000206d4b2a290 method=com.sun.javafx.sg.prism.NGGroup.renderContent(Lcom/sun/prism/Graphics;)V @ 54 c2
Event: 51.111 Thread 0x00000206e294c800 DEOPT PACKING pc=0x00000206d4b2a290 sp=0x00000089b41fe670
Event: 51.111 Thread 0x00000206e294c800 DEOPT UNPACKING pc=0x00000206cce3a1af sp=0x00000089b41fe5e0 mode 2
Event: 52.387 Thread 0x00000206e294c800 Uncommon trap: trap_request=0xffffff4d fr.pc=0x00000206d4b3bd74 relative=0x00000000000000d4
Event: 52.387 Thread 0x00000206e294c800 Uncommon trap: reason=unstable_if action=reinterpret pc=0x00000206d4b3bd74 method=com.sun.marlin.DHelpers.outcode(DD[D)I @ 39 c2
Event: 52.387 Thread 0x00000206e294c800 DEOPT PACKING pc=0x00000206d4b3bd74 sp=0x00000089b41fdb50
Event: 52.387 Thread 0x00000206e294c800 DEOPT UNPACKING pc=0x00000206cce3a1af sp=0x00000089b41fdad0 mode 2
Event: 52.852 Thread 0x00000206e2f2d800 Uncommon trap: trap_request=0xffffff4d fr.pc=0x00000206d4b311d0 relative=0x00000000000000b0
Event: 52.852 Thread 0x00000206e2f2d800 Uncommon trap: reason=unstable_if action=reinterpret pc=0x00000206d4b311d0 method=java.util.concurrent.locks.ReentrantLock$Sync.tryRelease(I)Z @ 28 c2
Event: 52.852 Thread 0x00000206e2f2d800 DEOPT PACKING pc=0x00000206d4b311d0 sp=0x00000089b52fd610
Event: 52.852 Thread 0x00000206e2f2d800 DEOPT UNPACKING pc=0x00000206cce3a1af sp=0x00000089b52fd5b0 mode 2

Classes redefined (0 events):
No events

Internal exceptions (20 events):
Event: 6.303 Thread 0x00000206e20d6800 Exception <a 'java/lang/NoSuchMethodError'{0x00000000c585adc0}: 'void java.lang.invoke.DirectMethodHandle$Holder.invokeSpecial(java.lang.Object, java.lang.Object, java.lang.Object, java.lang.Object, java.lang.Object, java.lang.Object)'> (0x00000000c585adc0) thrown at [./src/hotspot/share/interpreter/linkResolver.cpp, line 773]
Event: 6.574 Thread 0x00000206e20d6800 Exception <a 'java/lang/NoSuchMethodError'{0x00000000c537bfd8}: 'void java.lang.invoke.DirectMethodHandle$Holder.invokeSpecialIFC(java.lang.Object, java.lang.Object, java.lang.Object, java.lang.Object)'> (0x00000000c537bfd8) thrown at [./src/hotspot/share/interpreter/linkResolver.cpp, line 773]
Event: 7.040 Thread 0x00000206e20d6800 Implicit null exception at 0x00000206d4a0d89d to 0x00000206d4a0e08c
Event: 7.548 Thread 0x00000206e20d6800 Exception <a 'java/lang/NoSuchMethodError'{0x00000000c5d3b858}: 'long java.lang.invoke.DirectMethodHandle$Holder.invokeStaticInit(java.lang.Object, java.lang.Object, java.lang.Object)'> (0x00000000c5d3b858) thrown at [./src/hotspot/share/interpreter/linkResolver.cpp, line 773]
Event: 7.555 Thread 0x00000206e20d6800 Exception <a 'java/lang/NoSuchMethodError'{0x00000000c5d924d8}: 'java.lang.Object java.lang.invoke.DirectMethodHandle$Holder.invokeStatic(java.lang.Object, java.lang.Object, long)'> (0x00000000c5d924d8) thrown at [./src/hotspot/share/interpreter/linkResolver.cpp, line 773]
Event: 7.555 Thread 0x00000206e20d6800 Exception <a 'java/lang/NoSuchMethodError'{0x00000000c5d98650}: 'java.lang.Object java.lang.invoke.Invokers$Holder.linkToTargetMethod(java.lang.Object, long, java.lang.Object)'> (0x00000000c5d98650) thrown at [./src/hotspot/share/interpreter/linkResolver.cpp, line 773]
Event: 7.848 Thread 0x00000206e294c800 Exception <a 'java/lang/NoSuchMethodError'{0x00000000c594dbe0}: 'java.lang.Object java.lang.invoke.DirectMethodHandle$Holder.invokeStaticInit(java.lang.Object, int)'> (0x00000000c594dbe0) thrown at [./src/hotspot/share/interpreter/linkResolver.cpp, line 773]
Event: 28.688 Thread 0x00000206e20d6800 Exception <a 'java/lang/NoSuchMethodError'{0x00000000c529a3d0}: 'int java.lang.invoke.DirectMethodHandle$Holder.invokeVirtual(java.lang.Object, java.lang.Object)'> (0x00000000c529a3d0) thrown at [./src/hotspot/share/interpreter/linkResolver.cpp, line 773]
Event: 28.689 Thread 0x00000206e20d6800 Exception <a 'java/lang/NoSuchMethodError'{0x00000000c52a0050}: 'void java.lang.invoke.DirectMethodHandle$Holder.invokeVirtual(java.lang.Object, java.lang.Object, int)'> (0x00000000c52a0050) thrown at [./src/hotspot/share/interpreter/linkResolver.cpp, line 773]
Event: 49.528 Thread 0x00000206e20d6800 Implicit null exception at 0x00000206d4ac7b8b to 0x00000206d4ac7f84
Event: 49.623 Thread 0x00000206e294c800 Implicit null exception at 0x00000206d4aef57b to 0x00000206d4af10b8
Event: 50.348 Thread 0x00000206e294c800 Implicit null exception at 0x00000206d4b06a9a to 0x00000206d4b072fc
Event: 50.380 Thread 0x00000206e20d6800 Implicit null exception at 0x00000206d4b5f27b to 0x00000206d4b5fb64
Event: 50.380 Thread 0x00000206e20d6800 Implicit null exception at 0x00000206d4accd27 to 0x00000206d4accd74
Event: 50.867 Thread 0x00000206e20d6800 Exception <a 'java/lang/NoSuchMethodError'{0x00000000c79ab978}: 'java.lang.Object java.lang.invoke.DirectMethodHandle$Holder.invokeStatic(java.lang.Object, java.lang.Object, int, int, int, int, int, java.lang.Object)'> (0x00000000c79ab978) thrown at [./src/hotspot/share/interpreter/linkResolver.cpp, line 773]
Event: 50.868 Thread 0x00000206e20d6800 Exception <a 'java/lang/NoSuchMethodError'{0x00000000c79ecf58}: 'java.lang.Object java.lang.invoke.DirectMethodHandle$Holder.invokeStatic(java.lang.Object, java.lang.Object, java.lang.Object, int, int, int, int, int)'> (0x00000000c79ecf58) thrown at [./src/hotspot/share/interpreter/linkResolver.cpp, line 773]
Event: 50.868 Thread 0x00000206e20d6800 Exception <a 'java/lang/NoSuchMethodError'{0x00000000c79f37c8}: 'java.lang.Object java.lang.invoke.Invokers$Holder.linkToTargetMethod(java.lang.Object, java.lang.Object, int, int, int, int, int, java.lang.Object)'> (0x00000000c79f37c8) thrown at [./src/hotspot/share/interpreter/linkResolver.cpp, line 773]
Event: 51.024 Thread 0x00000206e20d6800 Implicit null exception at 0x00000206d4b78a57 to 0x00000206d4b7b9d0
Event: 52.851 Thread 0x00000206e2479800 Exception <a 'java/lang/NullPointerException'{0x00000000c7932328}> (0x00000000c7932328) thrown at [./src/hotspot/share/prims/jni.cpp, line 1138]
Event: 52.853 Thread 0x00000206e2f2d800 Exception <a 'java/lang/IllegalStateException'{0x00000000c77962d8}> (0x00000000c77962d8) thrown at [./src/hotspot/share/prims/jvm.cpp, line 1310]

Events (20 events):
Event: 52.849 Executing VM operation: RevokeBias
Event: 52.849 Executing VM operation: RevokeBias done
Event: 52.849 Executing VM operation: RevokeBias
Event: 52.849 Executing VM operation: RevokeBias done
Event: 52.850 Executing VM operation: RevokeBias
Event: 52.850 Executing VM operation: RevokeBias done
Event: 52.850 Executing VM operation: BulkRevokeBias
Event: 52.851 Executing VM operation: BulkRevokeBias done
Event: 52.851 Executing VM operation: RevokeBias
Event: 52.851 Executing VM operation: RevokeBias done
Event: 52.851 loading class com/sun/javafx/tk/quantum/QuantumRenderer
Event: 52.851 loading class com/sun/javafx/tk/quantum/QuantumRenderer done
Event: 52.851 Thread 0x00000206e2f2f000 Thread exited: 0x00000206e2f2f000
Event: 52.852 loading class java/lang/Throwable$WrappedPrintStream
Event: 52.852 loading class java/lang/Throwable$PrintStreamOrWriter
Event: 52.852 loading class java/lang/Throwable$PrintStreamOrWriter done
Event: 52.852 loading class java/lang/Throwable$WrappedPrintStream done
Event: 52.852 loading class com/sun/javafx/tk/quantum/QuantumToolkit
Event: 52.852 loading class com/sun/javafx/tk/quantum/QuantumToolkit done
Event: 52.854 Executing VM operation: Exit


Dynamic libraries:
0x00007ff7fd050000 - 0x00007ff7fd05d000 	C:\Users\Aslam\.jdks\corretto-11.0.15\bin\java.exe
0x00007ff8a2230000 - 0x00007ff8a2425000 	C:\WINDOWS\SYSTEM32\ntdll.dll
0x00007ff8a1ae0000 - 0x00007ff8a1b9e000 	C:\WINDOWS\System32\KERNEL32.DLL
0x00007ff89fe30000 - 0x00007ff8a00f8000 	C:\WINDOWS\System32\KERNELBASE.dll
0x00007ff89fc70000 - 0x00007ff89fd70000 	C:\WINDOWS\System32\ucrtbase.dll
0x00007ff8983a0000 - 0x00007ff8983b7000 	C:\Users\Aslam\.jdks\corretto-11.0.15\bin\jli.dll
0x00007ff8920d0000 - 0x00007ff8920e9000 	C:\Users\Aslam\.jdks\corretto-11.0.15\bin\VCRUNTIME140.dll
0x00007ff8a0420000 - 0x00007ff8a05c0000 	C:\WINDOWS\System32\USER32.dll
0x00007ff89fd70000 - 0x00007ff89fd92000 	C:\WINDOWS\System32\win32u.dll
0x00007ff8a0db0000 - 0x00007ff8a0dda000 	C:\WINDOWS\System32\GDI32.dll
0x00007ff884f50000 - 0x00007ff8851ea000 	C:\WINDOWS\WinSxS\amd64_microsoft.windows.common-controls_6595b64144ccf1df_6.0.19041.1110_none_60b5254171f9507e\COMCTL32.dll
0x00007ff89f950000 - 0x00007ff89fa5b000 	C:\WINDOWS\System32\gdi32full.dll
0x00007ff8a0d10000 - 0x00007ff8a0dae000 	C:\WINDOWS\System32\msvcrt.dll
0x00007ff8a0170000 - 0x00007ff8a020d000 	C:\WINDOWS\System32\msvcp_win.dll
0x00007ff8a0350000 - 0x00007ff8a0380000 	C:\WINDOWS\System32\IMM32.DLL
0x00007ff875620000 - 0x00007ff8756bb000 	C:\Users\Aslam\.jdks\corretto-11.0.15\bin\msvcp140.dll
0x00007ff85a040000 - 0x00007ff85abc3000 	C:\Users\Aslam\.jdks\corretto-11.0.15\bin\server\jvm.dll
0x00007ff8a05c0000 - 0x00007ff8a066e000 	C:\WINDOWS\System32\ADVAPI32.dll
0x00007ff8a0380000 - 0x00007ff8a041c000 	C:\WINDOWS\System32\sechost.dll
0x00007ff8a1d30000 - 0x00007ff8a1e55000 	C:\WINDOWS\System32\RPCRT4.dll
0x00007ff8a1910000 - 0x00007ff8a1918000 	C:\WINDOWS\System32\PSAPI.DLL
0x00007ff888af0000 - 0x00007ff888af9000 	C:\WINDOWS\SYSTEM32\WSOCK32.dll
0x00007ff88faf0000 - 0x00007ff88fb17000 	C:\WINDOWS\SYSTEM32\WINMM.dll
0x00007ff8a1920000 - 0x00007ff8a198b000 	C:\WINDOWS\System32\WS2_32.dll
0x00007ff894a30000 - 0x00007ff894a3a000 	C:\WINDOWS\SYSTEM32\VERSION.dll
0x00007ff89d870000 - 0x00007ff89d882000 	C:\WINDOWS\SYSTEM32\kernel.appcore.dll
0x00007ff89d1d0000 - 0x00007ff89d1e0000 	C:\Users\Aslam\.jdks\corretto-11.0.15\bin\verify.dll
0x00007ff88a710000 - 0x00007ff88a8f4000 	C:\WINDOWS\SYSTEM32\DBGHELP.DLL
0x00007ff88a6e0000 - 0x00007ff88a70c000 	C:\WINDOWS\SYSTEM32\dbgcore.DLL
0x00007ff89fda0000 - 0x00007ff89fe22000 	C:\WINDOWS\System32\bcryptPrimitives.dll
0x00007ff88ead0000 - 0x00007ff88eaf8000 	C:\Users\Aslam\.jdks\corretto-11.0.15\bin\java.dll
0x00007ff89c8d0000 - 0x00007ff89c8da000 	C:\Users\Aslam\.jdks\corretto-11.0.15\bin\jimage.dll
0x00007ff88f550000 - 0x00007ff88f55e000 	C:\Users\Aslam\.jdks\corretto-11.0.15\bin\instrument.dll
0x00007ff88eab0000 - 0x00007ff88eac8000 	C:\Users\Aslam\.jdks\corretto-11.0.15\bin\zip.dll
0x00007ff8a0e90000 - 0x00007ff8a15d4000 	C:\WINDOWS\System32\SHELL32.dll
0x00007ff89da70000 - 0x00007ff89e204000 	C:\WINDOWS\SYSTEM32\windows.storage.dll
0x00007ff8a1e80000 - 0x00007ff8a21d4000 	C:\WINDOWS\System32\combase.dll
0x00007ff89f2f0000 - 0x00007ff89f31c000 	C:\WINDOWS\SYSTEM32\Wldp.dll
0x00007ff8a1c80000 - 0x00007ff8a1d2d000 	C:\WINDOWS\System32\SHCORE.dll
0x00007ff8a1a80000 - 0x00007ff8a1ad5000 	C:\WINDOWS\System32\shlwapi.dll
0x00007ff89f890000 - 0x00007ff89f8af000 	C:\WINDOWS\SYSTEM32\profapi.dll
0x00007ff88dbe0000 - 0x00007ff88dbf9000 	C:\Users\Aslam\.jdks\corretto-11.0.15\bin\net.dll
0x00007ff891470000 - 0x00007ff89157a000 	C:\WINDOWS\SYSTEM32\WINHTTP.dll
0x00007ff89f050000 - 0x00007ff89f0ba000 	C:\WINDOWS\system32\mswsock.dll
0x00007ff88b430000 - 0x00007ff88b443000 	C:\Users\Aslam\.jdks\corretto-11.0.15\bin\nio.dll
0x00007ff874220000 - 0x00007ff87423a000 	C:\Program Files\JetBrains\IntelliJ IDEA Community Edition 2021.2.3\bin\breakgen64.dll
0x00000206e36a0000 - 0x00000206e36a3000 	C:\Users\Aslam\.jdks\corretto-11.0.15\bin\api-ms-win-core-console-l1-1-0.dll
0x00000206e36b0000 - 0x00000206e36b3000 	C:\Users\Aslam\.jdks\corretto-11.0.15\bin\api-ms-win-core-datetime-l1-1-0.dll
0x00000206e36c0000 - 0x00000206e36c3000 	C:\Users\Aslam\.jdks\corretto-11.0.15\bin\api-ms-win-core-debug-l1-1-0.dll
0x00000206e36d0000 - 0x00000206e36d3000 	C:\Users\Aslam\.jdks\corretto-11.0.15\bin\api-ms-win-core-errorhandling-l1-1-0.dll
0x00000206e36e0000 - 0x00000206e36e4000 	C:\Users\Aslam\.jdks\corretto-11.0.15\bin\api-ms-win-core-file-l1-1-0.dll
0x00000206e36f0000 - 0x00000206e36f3000 	C:\Users\Aslam\.jdks\corretto-11.0.15\bin\api-ms-win-core-file-l1-2-0.dll
0x00000206e3700000 - 0x00000206e3703000 	C:\Users\Aslam\.jdks\corretto-11.0.15\bin\api-ms-win-core-file-l2-1-0.dll
0x00000206e3710000 - 0x00000206e3713000 	C:\Users\Aslam\.jdks\corretto-11.0.15\bin\api-ms-win-core-handle-l1-1-0.dll
0x00000206e3720000 - 0x00000206e3723000 	C:\Users\Aslam\.jdks\corretto-11.0.15\bin\api-ms-win-core-heap-l1-1-0.dll
0x00000206e3730000 - 0x00000206e3733000 	C:\Users\Aslam\.jdks\corretto-11.0.15\bin\api-ms-win-core-interlocked-l1-1-0.dll
0x00000206e3740000 - 0x00000206e3743000 	C:\Users\Aslam\.jdks\corretto-11.0.15\bin\api-ms-win-core-libraryloader-l1-1-0.dll
0x00000206e3750000 - 0x00000206e3753000 	C:\Users\Aslam\.jdks\corretto-11.0.15\bin\api-ms-win-core-localization-l1-2-0.dll
0x00000206e3760000 - 0x00000206e3763000 	C:\Users\Aslam\.jdks\corretto-11.0.15\bin\api-ms-win-core-memory-l1-1-0.dll
0x00000206e3770000 - 0x00000206e3773000 	C:\Users\Aslam\.jdks\corretto-11.0.15\bin\api-ms-win-core-namedpipe-l1-1-0.dll
0x00000206e3780000 - 0x00000206e3783000 	C:\Users\Aslam\.jdks\corretto-11.0.15\bin\api-ms-win-core-processenvironment-l1-1-0.dll
0x00000206e39c0000 - 0x00000206e39c3000 	C:\Users\Aslam\.jdks\corretto-11.0.15\bin\api-ms-win-core-processthreads-l1-1-0.dll
0x00000206e39d0000 - 0x00000206e39d3000 	C:\Users\Aslam\.jdks\corretto-11.0.15\bin\api-ms-win-core-processthreads-l1-1-1.dll
0x00000206e3790000 - 0x00000206e3793000 	C:\Users\Aslam\.jdks\corretto-11.0.15\bin\api-ms-win-core-profile-l1-1-0.dll
0x00000206e37a0000 - 0x00000206e37a3000 	C:\Users\Aslam\.jdks\corretto-11.0.15\bin\api-ms-win-core-rtlsupport-l1-1-0.dll
0x00000206e37b0000 - 0x00000206e37b3000 	C:\Users\Aslam\.jdks\corretto-11.0.15\bin\api-ms-win-core-string-l1-1-0.dll
0x00000206e37c0000 - 0x00000206e37c3000 	C:\Users\Aslam\.jdks\corretto-11.0.15\bin\api-ms-win-core-synch-l1-1-0.dll
0x00000206e37d0000 - 0x00000206e37d3000 	C:\Users\Aslam\.jdks\corretto-11.0.15\bin\api-ms-win-core-synch-l1-2-0.dll
0x00000206e37e0000 - 0x00000206e37e3000 	C:\Users\Aslam\.jdks\corretto-11.0.15\bin\api-ms-win-core-sysinfo-l1-1-0.dll
0x00000206e37f0000 - 0x00000206e37f3000 	C:\Users\Aslam\.jdks\corretto-11.0.15\bin\api-ms-win-core-timezone-l1-1-0.dll
0x00000206e3800000 - 0x00000206e3803000 	C:\Users\Aslam\.jdks\corretto-11.0.15\bin\api-ms-win-core-util-l1-1-0.dll
0x00000206e3810000 - 0x00000206e3813000 	C:\Users\Aslam\.jdks\corretto-11.0.15\bin\api-ms-win-crt-conio-l1-1-0.dll
0x00000206e3820000 - 0x00000206e3824000 	C:\Users\Aslam\.jdks\corretto-11.0.15\bin\api-ms-win-crt-convert-l1-1-0.dll
0x00000206e3830000 - 0x00000206e3833000 	C:\Users\Aslam\.jdks\corretto-11.0.15\bin\api-ms-win-crt-environment-l1-1-0.dll
0x00000206e3840000 - 0x00000206e3843000 	C:\Users\Aslam\.jdks\corretto-11.0.15\bin\api-ms-win-crt-filesystem-l1-1-0.dll
0x00000206e3850000 - 0x00000206e3853000 	C:\Users\Aslam\.jdks\corretto-11.0.15\bin\api-ms-win-crt-heap-l1-1-0.dll
0x00000206e3860000 - 0x00000206e3863000 	C:\Users\Aslam\.jdks\corretto-11.0.15\bin\api-ms-win-crt-locale-l1-1-0.dll
0x00000206e3870000 - 0x00000206e3875000 	C:\Users\Aslam\.jdks\corretto-11.0.15\bin\api-ms-win-crt-math-l1-1-0.dll
0x00000206e3880000 - 0x00000206e3885000 	C:\Users\Aslam\.jdks\corretto-11.0.15\bin\api-ms-win-crt-multibyte-l1-1-0.dll
0x00000206e3890000 - 0x00000206e38a0000 	C:\Users\Aslam\.jdks\corretto-11.0.15\bin\api-ms-win-crt-private-l1-1-0.dll
0x00000206e38a0000 - 0x00000206e38a3000 	C:\Users\Aslam\.jdks\corretto-11.0.15\bin\api-ms-win-crt-process-l1-1-0.dll
0x00000206e38b0000 - 0x00000206e38b4000 	C:\Users\Aslam\.jdks\corretto-11.0.15\bin\api-ms-win-crt-runtime-l1-1-0.dll
0x00000206e38c0000 - 0x00000206e38c4000 	C:\Users\Aslam\.jdks\corretto-11.0.15\bin\api-ms-win-crt-stdio-l1-1-0.dll
0x00000206e38d0000 - 0x00000206e38d4000 	C:\Users\Aslam\.jdks\corretto-11.0.15\bin\api-ms-win-crt-string-l1-1-0.dll
0x00000206e38e0000 - 0x00000206e38e3000 	C:\Users\Aslam\.jdks\corretto-11.0.15\bin\api-ms-win-crt-time-l1-1-0.dll
0x00000206e38f0000 - 0x00000206e38f3000 	C:\Users\Aslam\.jdks\corretto-11.0.15\bin\api-ms-win-crt-utility-l1-1-0.dll
0x00007ff873ba0000 - 0x00007ff873c9c000 	C:\Users\Aslam\.jdks\corretto-11.0.15\bin\ucrtbase.dll
0x00007ff873b50000 - 0x00007ff873b9e000 	C:\Windows\System32\concrt140.dll
0x00007ff88b080000 - 0x00007ff88b08c000 	C:\WINDOWS\SYSTEM32\VCRUNTIME140_1.dll
0x00007ff8741f0000 - 0x00007ff87421c000 	C:\Program Files\Java\javafx-sdk-18\bin\prism_d3d.dll
0x00007ff86c890000 - 0x00007ff86ca5f000 	C:\WINDOWS\system32\d3d9.dll
0x00007ff89d480000 - 0x00007ff89d4af000 	C:\WINDOWS\SYSTEM32\dwmapi.dll
0x00007ff89d310000 - 0x00007ff89d3ae000 	C:\WINDOWS\system32\uxtheme.dll
0x00007ff894910000 - 0x00007ff894a2a000 	C:\WINDOWS\System32\DriverStore\FileRepository\igdlh64.inf_amd64_4b129149fe5c0277\igdgmm64.dll
0x00007ff842cd0000 - 0x00007ff8466fd000 	C:\WINDOWS\System32\DriverStore\FileRepository\igdlh64.inf_amd64_4b129149fe5c0277\igd9dxva64.dll
0x00007ff8a16c0000 - 0x00007ff8a17ea000 	C:\WINDOWS\System32\OLE32.dll
0x00007ff8a1bb0000 - 0x00007ff8a1c7d000 	C:\WINDOWS\System32\OLEAUT32.dll
0x00007ff870dc0000 - 0x00007ff870e02000 	C:\Program Files\Java\javafx-sdk-18\bin\glass.dll
0x00007ff8a15e0000 - 0x00007ff8a16bb000 	C:\WINDOWS\System32\COMDLG32.dll
0x00007ff8a17f0000 - 0x00007ff8a1905000 	C:\WINDOWS\System32\MSCTF.dll
0x00007ff895fc0000 - 0x00007ff895ffb000 	C:\WINDOWS\SYSTEM32\dxcore.dll
0x00007ff8a0210000 - 0x00007ff8a025e000 	C:\WINDOWS\System32\cfgmgr32.dll
0x00007ff870da0000 - 0x00007ff870db4000 	C:\Program Files\Java\javafx-sdk-18\bin\javafx_font.dll
0x00007ff88ec50000 - 0x00007ff88eecf000 	C:\WINDOWS\SYSTEM32\dwrite.dll
0x00007ff89ed80000 - 0x00007ff89ee4b000 	C:\WINDOWS\SYSTEM32\DNSAPI.dll
0x00007ff89ed40000 - 0x00007ff89ed7b000 	C:\WINDOWS\SYSTEM32\IPHLPAPI.DLL
0x00007ff8a21e0000 - 0x00007ff8a21e8000 	C:\WINDOWS\System32\NSI.dll
0x00007ff88f810000 - 0x00007ff88f81a000 	C:\Windows\System32\rasadhlp.dll
0x00007ff88fbc0000 - 0x00007ff88fc3f000 	C:\WINDOWS\System32\fwpuclnt.dll
0x00007ff8a0260000 - 0x00007ff8a0287000 	C:\WINDOWS\System32\bcrypt.dll
0x00007ff889070000 - 0x00007ff88907e000 	C:\Users\Aslam\.jdks\corretto-11.0.15\bin\sunmscapi.dll
0x00007ff89fa60000 - 0x00007ff89fbb6000 	C:\WINDOWS\System32\CRYPT32.dll
0x00007ff89f360000 - 0x00007ff89f387000 	C:\WINDOWS\SYSTEM32\ncrypt.dll
0x00007ff89f320000 - 0x00007ff89f35b000 	C:\WINDOWS\SYSTEM32\NTASN1.dll
0x00007ff870970000 - 0x00007ff870995000 	C:\Users\Aslam\.jdks\corretto-11.0.15\bin\sunec.dll
0x00007ff89f250000 - 0x00007ff89f268000 	C:\WINDOWS\SYSTEM32\CRYPTSP.dll
0x00007ff89e9d0000 - 0x00007ff89ea04000 	C:\WINDOWS\system32\rsaenh.dll
0x00007ff89f810000 - 0x00007ff89f83e000 	C:\WINDOWS\SYSTEM32\USERENV.dll
0x00007ff89f240000 - 0x00007ff89f24c000 	C:\WINDOWS\SYSTEM32\CRYPTBASE.dll
0x00007ff892600000 - 0x00007ff892617000 	C:\WINDOWS\SYSTEM32\dhcpcsvc6.DLL
0x00007ff894a40000 - 0x00007ff894a5d000 	C:\WINDOWS\SYSTEM32\dhcpcsvc.DLL
0x00007ff8a0de0000 - 0x00007ff8a0e89000 	C:\WINDOWS\System32\clbcatq.dll
0x00007ff899000000 - 0x00007ff8991b4000 	C:\WINDOWS\SYSTEM32\WindowsCodecs.dll
0x00007ff8915a0000 - 0x00007ff8915de000 	C:\WINDOWS\system32\dataexchange.dll
0x00007ff89c3e0000 - 0x00007ff89c5c5000 	C:\WINDOWS\system32\dcomp.dll
0x00007ff89b2d0000 - 0x00007ff89b534000 	C:\WINDOWS\system32\d3d11.dll
0x00007ff89e270000 - 0x00007ff89e363000 	C:\WINDOWS\system32\dxgi.dll
0x00007ff898d40000 - 0x00007ff898f41000 	C:\WINDOWS\system32\twinapi.appcore.dll

dbghelp: loaded successfully - version: 4.0.5 - missing functions: none
symbol engine: initialized successfully - sym options: 0x614 - pdb path: .;C:\Users\Aslam\.jdks\corretto-11.0.15\bin;C:\WINDOWS\SYSTEM32;C:\WINDOWS\WinSxS\amd64_microsoft.windows.common-controls_6595b64144ccf1df_6.0.19041.1110_none_60b5254171f9507e;C:\Users\Aslam\.jdks\corretto-11.0.15\bin\server;C:\Program Files\JetBrains\IntelliJ IDEA Community Edition 2021.2.3\bin;C:\Program Files\Java\javafx-sdk-18\bin;C:\WINDOWS\System32\DriverStore\FileRepository\igdlh64.inf_amd64_4b129149fe5c0277;C:\Program Files\Common Files\Microsoft Shared\Ink

VM Arguments:
jvm_args: -javaagent:C:\Program Files\JetBrains\IntelliJ IDEA Community Edition 2021.2.3\lib\idea_rt.jar=50326:C:\Program Files\JetBrains\IntelliJ IDEA Community Edition 2021.2.3\bin -Dfile.encoding=UTF-8 --module-path=C:\Users\Aslam\.m2\repository\org\openjfx\javafx-graphics\11.0.2\javafx-graphics-11.0.2-win.jar;C:\Users\Aslam\IdeaProjects\AirlineReservationSystem\target\classes;C:\Users\Aslam\.m2\repository\org\openjfx\javafx-controls\11.0.2\javafx-controls-11.0.2-win.jar;C:\Users\Aslam\.m2\repository\org\openjfx\javafx-base\11.0.2\javafx-base-11.0.2-win.jar;D:\Polytechnic\6TH SEM\Project Work\mysql-connector-java-8.0.28.jar;C:\Users\Aslam\.m2\repository\org\openjfx\javafx-fxml\11.0.2\javafx-fxml-11.0.2-win.jar -Djdk.module.main=com.airlinereservationsystem 
java_command: com.airlinereservationsystem/com.airlinereservationsystem.Main
java_class_path (initial): C:\Users\Aslam\.m2\repository\org\openjfx\javafx-controls\11.0.2\javafx-controls-11.0.2.jar;C:\Users\Aslam\.m2\repository\org\openjfx\javafx-graphics\11.0.2\javafx-graphics-11.0.2.jar;C:\Users\Aslam\.m2\repository\org\openjfx\javafx-base\11.0.2\javafx-base-11.0.2.jar;C:\Users\Aslam\.m2\repository\org\openjfx\javafx-fxml\11.0.2\javafx-fxml-11.0.2.jar
Launcher Type: SUN_STANDARD

[Global flags]
     intx CICompilerCount                          = 3                                         {product} {ergonomic}
     uint ConcGCThreads                            = 1                                         {product} {ergonomic}
     uint G1ConcRefinementThreads                  = 4                                         {product} {ergonomic}
   size_t G1HeapRegionSize                         = 1048576                                   {product} {ergonomic}
    uintx GCDrainStackTargetSize                   = 64                                        {product} {ergonomic}
   size_t InitialHeapSize                          = 67108864                                  {product} {ergonomic}
   size_t MarkStackSize                            = 4194304                                   {product} {ergonomic}
   size_t MaxHeapSize                              = 1042284544                                {product} {ergonomic}
   size_t MaxNewSize                               = 624951296                                 {product} {ergonomic}
   size_t MinHeapDeltaBytes                        = 1048576                                   {product} {ergonomic}
    uintx NonNMethodCodeHeapSize                   = 5830732                                {pd product} {ergonomic}
    uintx NonProfiledCodeHeapSize                  = 122913754                              {pd product} {ergonomic}
    uintx ProfiledCodeHeapSize                     = 122913754                              {pd product} {ergonomic}
    uintx ReservedCodeCacheSize                    = 251658240                              {pd product} {ergonomic}
     bool SegmentedCodeCache                       = true                                      {product} {ergonomic}
     bool UseCompressedClassPointers               = true                                 {lp64_product} {ergonomic}
     bool UseCompressedOops                        = true                                 {lp64_product} {ergonomic}
     bool UseG1GC                                  = true                                      {product} {ergonomic}
     bool UseLargePagesIndividualAllocation        = false                                  {pd product} {ergonomic}

Logging:
Log output configuration:
 #0: stdout all=warning uptime,level,tags
 #1: stderr all=off uptime,level,tags

Environment Variables:
PATH=C:\Program Files\Common Files\Oracle\Java\javapath;C:\Program Files (x86)\Intel\iCLS Client\;C:\Program Files\Intel\iCLS Client\;C:\WINDOWS\system32;C:\WINDOWS;C:\WINDOWS\System32\Wbem;C:\WINDOWS\System32\WindowsPowerShell\v1.0\;C:\WINDOWS\System32\OpenSSH\;C:\Program Files (x86)\Intel\Intel(R) Management Engine Components\DAL;C:\Program Files\Intel\Intel(R) Management Engine Components\DAL;C:\Program Files (x86)\Intel\Intel(R) Management Engine Components\IPT;C:\Program Files\Intel\Intel(R) Management Engine Components\IPT;C:\Program Files\Intel\WiFi\bin\;C:\Program Files\Common Files\Intel\WirelessCommon\;C:\Program Files\Git\cmd;C:\Program Files\MySQL\MySQL Shell 8.0\bin\;C:\Users\Aslam\AppData\Local\Microsoft\WindowsApps;C:\Program Files\Intel\WiFi\bin\;C:\Program Files\Common Files\Intel\WirelessCommon\;C:\Users\Aslam\AppData\Local\Programs\Microsoft VS Code\bin;C:\Program Files (x86)\mingw-w64\i686-8.1.0-posix-dwarf-rt_v6-rev0\mingw32\bin;C:\Program Files\JetBrains\IntelliJ IDEA Community Edition 2021.2.3\bin;;C:\Program Files\Java\jdk-17.0.1\bin;C:\Program Files\Java\javafx-sdk-18\bin;
USERNAME=Abdullah
OS=Windows_NT
PROCESSOR_IDENTIFIER=Intel64 Family 6 Model 78 Stepping 3, GenuineIntel



---------------  S Y S T E M  ---------------

OS: Windows 10 , 64 bit Build 19041 (10.0.19041.1645)
OS uptime: 3 days 14:39 hours

CPU:total 4 (initial active 4) (2 cores per cpu, 2 threads per core) family 6 model 78 stepping 3 microcode 0xcc, cmov, cx8, fxsr, mmx, sse, sse2, sse3, ssse3, sse4.1, sse4.2, popcnt, avx, avx2, aes, clmul, erms, 3dnowpref, lzcnt, ht, tsc, tscinvbit, bmi1, bmi2, adx, fma

Memory: 4k page, system-wide physical 3972M (421M free)
TotalPageFile size 11396M (AvailPageFile size 3766M)
current process WorkingSet (physical memory assigned to process): 230M, peak: 251M
current process commit charge ("private bytes"): 294M, peak: 309M

vm_info: OpenJDK 64-Bit Server VM (11.0.15+9-LTS) for windows-amd64 JRE (11.0.15+9-LTS), built on Apr 15 2022 22:20:31 by "Administrator" with unknown MS VC++:1916

END.
